<?xml version="1.0" encoding="UTF-8"?>
<!-- Generated by org.testng.reporters.JUnitXMLReporter -->
<testsuite hostname="rahul" failures="0" tests="17" name="Default test" time="0.284" errors="0" timestamp="26 Sep 2019 17:20:07 GMT">
  <testcase classname="com.validation.test.TestClass" name="testPhoneNumberValidationCountryCodeMoreThanThree" time="0.095"/>
  <testcase classname="com.validation.test.TestClass" name="testPhoneNumberValidationEmptyCountry" time="0.002"/>
  <testcase classname="com.validation.test.TestClass" name="testPhoneNumberValidationEmptyString" time="0.006"/>
  <testcase classname="com.validation.test.TestClass" name="testPhoneNumberValidationNull" time="0.005"/>
  <testcase classname="com.validation.test.TestClass" name="testPhoneNumberValidationPhoneDigitsLesseThanTen" time="0.003"/>
  <testcase classname="com.validation.test.TestClass" name="testPhoneNumberValidationPhoneDigitsMoreThanTen" time="0.002"/>
  <testcase classname="com.validation.test.TestClass" name="testPhoneNumberValidationPhoneNumberAndCountryCodeSeparatedWithoutSpace" time="0.002"/>
  <testcase classname="com.validation.test.TestClass" name="testPhoneNumberValidationPhoneNumberInvalidCountryCodeSign" time="0.02"/>
  <testcase classname="com.validation.test.TestClass" name="testPhoneNumberValidationPhoneNumberStartingWithLessThanSeven" time="0.004"/>
  <testcase classname="com.validation.test.TestClass" name="testPhoneNumberValidationPhoneNumberStartingWithoutHyphen" time="0.011"/>
  <testcase classname="com.validation.test.TestClass" name="testPhoneNumberValidationPhoneNumberWithInvalidCountryCodePhoneNumberSeparator" time="0.001"/>
  <testcase classname="com.validation.test.TestClass" name="testPhoneNumberValidationRandomString" time="0.002"/>
  <testcase classname="com.validation.test.TestClass" name="testPhoneNumberValidationWithoutCountryCode" time="0.001"/>
  <testcase classname="com.validation.test.TestClass" name="testphoneNumberValidationPhoneNumberWithThreeDigitCountryCodeWithHyphenSeparated" time="0.001"/>
  <testcase classname="com.validation.test.TestClass" name="testphoneNumberValidationPhoneNumberWithThreeDigitCountryCodeWithSpaceSeparated" time="0.003"/>
  <testcase classname="com.validation.test.TestClass" name="testphoneNumberValidationPhoneNumberWithTwoDigitCountryCodeWithHyphenSeparated" time="0.002"/>
  <testcase classname="com.validation.test.TestClass" name="testphoneNumberValidationPhoneNumberWithTwoDigitCountryCodeWithSpaceSeparated" time="0.001"/>
</testsuite> <!-- Default test -->
