<?xml version="1.0" encoding="UTF-8"?>
<testng-results total="17" passed="17" failed="0" skipped="0">
  <reporter-output>
  </reporter-output>
  <suite started-at="2019-09-26T17:20:06Z" name="Default suite" finished-at="2019-09-26T17:20:07Z" duration-ms="284">
    <groups>
    </groups>
    <test started-at="2019-09-26T17:20:06Z" name="Default test" finished-at="2019-09-26T17:20:07Z" duration-ms="284">
      <class name="com.validation.test.TestClass">
        <test-method signature="testPhoneNumberValidationCountryCodeMoreThanThree()[pri:0, instance:com.validation.test.TestClass@5bc7e78e]" started-at="2019-09-26T22:50:06Z" name="testPhoneNumberValidationCountryCodeMoreThanThree" finished-at="2019-09-26T22:50:06Z" duration-ms="95" status="PASS">
          <reporter-output>
          </reporter-output>
        </test-method> <!-- testPhoneNumberValidationCountryCodeMoreThanThree -->
        <test-method signature="testPhoneNumberValidationEmptyCountry()[pri:0, instance:com.validation.test.TestClass@5bc7e78e]" started-at="2019-09-26T22:50:06Z" name="testPhoneNumberValidationEmptyCountry" finished-at="2019-09-26T22:50:06Z" duration-ms="2" status="PASS">
          <reporter-output>
          </reporter-output>
        </test-method> <!-- testPhoneNumberValidationEmptyCountry -->
        <test-method signature="testPhoneNumberValidationEmptyString()[pri:0, instance:com.validation.test.TestClass@5bc7e78e]" started-at="2019-09-26T22:50:06Z" name="testPhoneNumberValidationEmptyString" finished-at="2019-09-26T22:50:06Z" duration-ms="6" status="PASS">
          <reporter-output>
          </reporter-output>
        </test-method> <!-- testPhoneNumberValidationEmptyString -->
        <test-method signature="testPhoneNumberValidationNull()[pri:0, instance:com.validation.test.TestClass@5bc7e78e]" started-at="2019-09-26T22:50:07Z" name="testPhoneNumberValidationNull" finished-at="2019-09-26T22:50:07Z" duration-ms="5" status="PASS">
          <reporter-output>
          </reporter-output>
        </test-method> <!-- testPhoneNumberValidationNull -->
        <test-method signature="testPhoneNumberValidationPhoneDigitsLesseThanTen()[pri:0, instance:com.validation.test.TestClass@5bc7e78e]" started-at="2019-09-26T22:50:07Z" name="testPhoneNumberValidationPhoneDigitsLesseThanTen" finished-at="2019-09-26T22:50:07Z" duration-ms="3" status="PASS">
          <reporter-output>
          </reporter-output>
        </test-method> <!-- testPhoneNumberValidationPhoneDigitsLesseThanTen -->
        <test-method signature="testPhoneNumberValidationPhoneDigitsMoreThanTen()[pri:0, instance:com.validation.test.TestClass@5bc7e78e]" started-at="2019-09-26T22:50:07Z" name="testPhoneNumberValidationPhoneDigitsMoreThanTen" finished-at="2019-09-26T22:50:07Z" duration-ms="2" status="PASS">
          <reporter-output>
          </reporter-output>
        </test-method> <!-- testPhoneNumberValidationPhoneDigitsMoreThanTen -->
        <test-method signature="testPhoneNumberValidationPhoneNumberAndCountryCodeSeparatedWithoutSpace()[pri:0, instance:com.validation.test.TestClass@5bc7e78e]" started-at="2019-09-26T22:50:07Z" name="testPhoneNumberValidationPhoneNumberAndCountryCodeSeparatedWithoutSpace" finished-at="2019-09-26T22:50:07Z" duration-ms="2" status="PASS">
          <reporter-output>
          </reporter-output>
        </test-method> <!-- testPhoneNumberValidationPhoneNumberAndCountryCodeSeparatedWithoutSpace -->
        <test-method signature="testPhoneNumberValidationPhoneNumberInvalidCountryCodeSign()[pri:0, instance:com.validation.test.TestClass@5bc7e78e]" started-at="2019-09-26T22:50:07Z" name="testPhoneNumberValidationPhoneNumberInvalidCountryCodeSign" finished-at="2019-09-26T22:50:07Z" duration-ms="20" status="PASS">
          <reporter-output>
          </reporter-output>
        </test-method> <!-- testPhoneNumberValidationPhoneNumberInvalidCountryCodeSign -->
        <test-method signature="testPhoneNumberValidationPhoneNumberStartingWithLessThanSeven()[pri:0, instance:com.validation.test.TestClass@5bc7e78e]" started-at="2019-09-26T22:50:07Z" name="testPhoneNumberValidationPhoneNumberStartingWithLessThanSeven" finished-at="2019-09-26T22:50:07Z" duration-ms="4" status="PASS">
          <reporter-output>
          </reporter-output>
        </test-method> <!-- testPhoneNumberValidationPhoneNumberStartingWithLessThanSeven -->
        <test-method signature="testPhoneNumberValidationPhoneNumberStartingWithoutHyphen()[pri:0, instance:com.validation.test.TestClass@5bc7e78e]" started-at="2019-09-26T22:50:07Z" name="testPhoneNumberValidationPhoneNumberStartingWithoutHyphen" finished-at="2019-09-26T22:50:07Z" duration-ms="11" status="PASS">
          <reporter-output>
          </reporter-output>
        </test-method> <!-- testPhoneNumberValidationPhoneNumberStartingWithoutHyphen -->
        <test-method signature="testPhoneNumberValidationPhoneNumberWithInvalidCountryCodePhoneNumberSeparator()[pri:0, instance:com.validation.test.TestClass@5bc7e78e]" started-at="2019-09-26T22:50:07Z" name="testPhoneNumberValidationPhoneNumberWithInvalidCountryCodePhoneNumberSeparator" finished-at="2019-09-26T22:50:07Z" duration-ms="1" status="PASS">
          <reporter-output>
          </reporter-output>
        </test-method> <!-- testPhoneNumberValidationPhoneNumberWithInvalidCountryCodePhoneNumberSeparator -->
        <test-method signature="testPhoneNumberValidationRandomString()[pri:0, instance:com.validation.test.TestClass@5bc7e78e]" started-at="2019-09-26T22:50:07Z" name="testPhoneNumberValidationRandomString" finished-at="2019-09-26T22:50:07Z" duration-ms="2" status="PASS">
          <reporter-output>
          </reporter-output>
        </test-method> <!-- testPhoneNumberValidationRandomString -->
        <test-method signature="testPhoneNumberValidationWithoutCountryCode()[pri:0, instance:com.validation.test.TestClass@5bc7e78e]" started-at="2019-09-26T22:50:07Z" name="testPhoneNumberValidationWithoutCountryCode" finished-at="2019-09-26T22:50:07Z" duration-ms="1" status="PASS">
          <reporter-output>
          </reporter-output>
        </test-method> <!-- testPhoneNumberValidationWithoutCountryCode -->
        <test-method signature="testphoneNumberValidationPhoneNumberWithThreeDigitCountryCodeWithHyphenSeparated()[pri:0, instance:com.validation.test.TestClass@5bc7e78e]" started-at="2019-09-26T22:50:07Z" name="testphoneNumberValidationPhoneNumberWithThreeDigitCountryCodeWithHyphenSeparated" finished-at="2019-09-26T22:50:07Z" duration-ms="1" status="PASS">
          <reporter-output>
          </reporter-output>
        </test-method> <!-- testphoneNumberValidationPhoneNumberWithThreeDigitCountryCodeWithHyphenSeparated -->
        <test-method signature="testphoneNumberValidationPhoneNumberWithThreeDigitCountryCodeWithSpaceSeparated()[pri:0, instance:com.validation.test.TestClass@5bc7e78e]" started-at="2019-09-26T22:50:07Z" name="testphoneNumberValidationPhoneNumberWithThreeDigitCountryCodeWithSpaceSeparated" finished-at="2019-09-26T22:50:07Z" duration-ms="3" status="PASS">
          <reporter-output>
          </reporter-output>
        </test-method> <!-- testphoneNumberValidationPhoneNumberWithThreeDigitCountryCodeWithSpaceSeparated -->
        <test-method signature="testphoneNumberValidationPhoneNumberWithTwoDigitCountryCodeWithHyphenSeparated()[pri:0, instance:com.validation.test.TestClass@5bc7e78e]" started-at="2019-09-26T22:50:07Z" name="testphoneNumberValidationPhoneNumberWithTwoDigitCountryCodeWithHyphenSeparated" finished-at="2019-09-26T22:50:07Z" duration-ms="2" status="PASS">
          <reporter-output>
          </reporter-output>
        </test-method> <!-- testphoneNumberValidationPhoneNumberWithTwoDigitCountryCodeWithHyphenSeparated -->
        <test-method signature="testphoneNumberValidationPhoneNumberWithTwoDigitCountryCodeWithSpaceSeparated()[pri:0, instance:com.validation.test.TestClass@5bc7e78e]" started-at="2019-09-26T22:50:07Z" name="testphoneNumberValidationPhoneNumberWithTwoDigitCountryCodeWithSpaceSeparated" finished-at="2019-09-26T22:50:07Z" duration-ms="1" status="PASS">
          <reporter-output>
          </reporter-output>
        </test-method> <!-- testphoneNumberValidationPhoneNumberWithTwoDigitCountryCodeWithSpaceSeparated -->
      </class> <!-- com.validation.test.TestClass -->
    </test> <!-- Default test -->
  </suite> <!-- Default suite -->
</testng-results>
